<?xml version="1.0" encoding="UTF-8"?>
<!-- Generated by org.testng.reporters.JUnitReportReporter -->
<testsuite skipped="3" hostname="DDC5-D-4R55T72" name="com.actions.demo.FrameHandling" tests="4" failures="0" timestamp="14 Nov 2018 11:29:49 GMT" time="63.784" errors="0">
  <testcase name="javascriptExecutor" time="63.784" classname="com.actions.demo.FrameHandling"/>
  <testcase name="multipleFrame" classname="com.actions.demo.FrameHandling">
    <skipped/>
  </testcase> <!-- multipleFrame -->
  <testcase name="singleFrame" classname="com.actions.demo.FrameHandling">
    <skipped/>
  </testcase> <!-- singleFrame -->
  <testcase name="multiframetwo" classname="com.actions.demo.FrameHandling">
    <skipped/>
  </testcase> <!-- multiframetwo -->
</testsuite> <!-- com.actions.demo.FrameHandling -->
