<?xml version="1.0" encoding="UTF-8"?>
<!-- Generated by org.testng.reporters.JUnitReportReporter -->
<testsuite skipped="3" hostname="DDC5-D-4R55T72" name="com.actions.demo.ActionsDemo" tests="4" failures="0" timestamp="16 Nov 2018 07:44:54 GMT" time="64.948" errors="0">
  <testcase name="dragFunction" time="64.948" classname="com.actions.demo.ActionsDemo"/>
  <testcase name="googleNavigation" classname="com.actions.demo.ActionsDemo">
    <skipped/>
  </testcase> <!-- googleNavigation -->
  <testcase name="rightclick" classname="com.actions.demo.ActionsDemo">
    <skipped/>
  </testcase> <!-- rightclick -->
  <testcase name="loginTest" classname="com.actions.demo.ActionsDemo">
    <skipped/>
  </testcase> <!-- loginTest -->
</testsuite> <!-- com.actions.demo.ActionsDemo -->
